=============================== test session starts ================================
platform darwin -- Python 3.6.2, pytest-3.2.0, py-1.4.34, pluggy-0.4.0
rootdir: /Users/Wolf/Documents/github/ts_tcs_wep_phosim, inifile:
plugins: session2file-0.1.9, forked-0.2, xdist-1.19.1, flake8-0.8.1

collecting 0 items
collecting 9 items
collecting 9 items

collected 9 items 

testSkySim.py .........

================================= warnings summary =================================
tests/testSkySim.py::TestSkySim::testAddStarByChipPos
  /Users/Wolf/Documents/lsst14/python/miniconda3-4.3.21/lib/python3.6/site-packages/astropy/_erfa/core.py:119: ErfaWarning: ERFA function "taiutc" yielded 1 of "dubious year (Note 4)"
    warnings.warn('ERFA function "' + func_name + '" yielded ' + wmsg, ErfaWarning)

tests/testSkySim.py::TestSkySim::testGetCornOfChipOnSky
  /Users/Wolf/Documents/lsst14/python/miniconda3-4.3.21/lib/python3.6/site-packages/astropy/_erfa/core.py:119: ErfaWarning: ERFA function "taiutc" yielded 1 of "dubious year (Note 4)"
    warnings.warn('ERFA function "' + func_name + '" yielded ' + wmsg, ErfaWarning)

-- Docs: http://doc.pytest.org/en/latest/warnings.html
====================== 9 passed, 2 warnings in 42.74 seconds =======================
